<?xml version="1.0" encoding="UTF-8"?>
<testsuite xmlns:xsi="http://www.w3.org/2001/XMLSchema-instance" xsi:noNamespaceSchemaLocation="https://maven.apache.org/surefire/maven-surefire-plugin/xsd/surefire-test-report.xsd" name="com.adactin.runner.TestRunner" time="26.778" tests="62" errors="0" skipped="0" failures="0">
  <properties>
    <property name="sun.desktop" value="windows"/>
    <property name="awt.toolkit" value="sun.awt.windows.WToolkit"/>
    <property name="file.encoding.pkg" value="sun.io"/>
    <property name="java.specification.version" value="1.8"/>
    <property name="sun.cpu.isalist" value="amd64"/>
    <property name="sun.jnu.encoding" value="Cp1252"/>
    <property name="java.class.path" value="C:\Workspace\eclipse-workspace_Demo\AdactinCucumber\target\test-classes;C:\Workspace\eclipse-workspace_Demo\AdactinCucumber\target\classes;C:\Users\91917\.m2\repository\junit\junit\4.12\junit-4.12.jar;C:\Users\91917\.m2\repository\org\hamcrest\hamcrest-core\1.3\hamcrest-core-1.3.jar;C:\Users\91917\.m2\repository\org\seleniumhq\selenium\selenium-java\3.141.59\selenium-java-3.141.59.jar;C:\Users\91917\.m2\repository\org\seleniumhq\selenium\selenium-api\3.141.59\selenium-api-3.141.59.jar;C:\Users\91917\.m2\repository\org\seleniumhq\selenium\selenium-chrome-driver\3.141.59\selenium-chrome-driver-3.141.59.jar;C:\Users\91917\.m2\repository\org\seleniumhq\selenium\selenium-edge-driver\3.141.59\selenium-edge-driver-3.141.59.jar;C:\Users\91917\.m2\repository\org\seleniumhq\selenium\selenium-firefox-driver\3.141.59\selenium-firefox-driver-3.141.59.jar;C:\Users\91917\.m2\repository\org\seleniumhq\selenium\selenium-ie-driver\3.141.59\selenium-ie-driver-3.141.59.jar;C:\Users\91917\.m2\repository\org\seleniumhq\selenium\selenium-opera-driver\3.141.59\selenium-opera-driver-3.141.59.jar;C:\Users\91917\.m2\repository\org\seleniumhq\selenium\selenium-remote-driver\3.141.59\selenium-remote-driver-3.141.59.jar;C:\Users\91917\.m2\repository\org\seleniumhq\selenium\selenium-safari-driver\3.141.59\selenium-safari-driver-3.141.59.jar;C:\Users\91917\.m2\repository\org\seleniumhq\selenium\selenium-support\3.141.59\selenium-support-3.141.59.jar;C:\Users\91917\.m2\repository\net\bytebuddy\byte-buddy\1.8.15\byte-buddy-1.8.15.jar;C:\Users\91917\.m2\repository\org\apache\commons\commons-exec\1.3\commons-exec-1.3.jar;C:\Users\91917\.m2\repository\com\google\guava\guava\25.0-jre\guava-25.0-jre.jar;C:\Users\91917\.m2\repository\com\google\code\findbugs\jsr305\1.3.9\jsr305-1.3.9.jar;C:\Users\91917\.m2\repository\org\checkerframework\checker-compat-qual\2.0.0\checker-compat-qual-2.0.0.jar;C:\Users\91917\.m2\repository\com\google\errorprone\error_prone_annotations\2.1.3\error_prone_annotations-2.1.3.jar;C:\Users\91917\.m2\repository\com\google\j2objc\j2objc-annotations\1.1\j2objc-annotations-1.1.jar;C:\Users\91917\.m2\repository\org\codehaus\mojo\animal-sniffer-annotations\1.14\animal-sniffer-annotations-1.14.jar;C:\Users\91917\.m2\repository\com\squareup\okhttp3\okhttp\3.11.0\okhttp-3.11.0.jar;C:\Users\91917\.m2\repository\com\squareup\okio\okio\1.14.0\okio-1.14.0.jar;C:\Users\91917\.m2\repository\commons-io\commons-io\2.7\commons-io-2.7.jar;C:\Users\91917\.m2\repository\info\cukes\cucumber-junit\1.2.5\cucumber-junit-1.2.5.jar;C:\Users\91917\.m2\repository\info\cukes\cucumber-java\1.2.5\cucumber-java-1.2.5.jar;C:\Users\91917\.m2\repository\info\cukes\cucumber-core\1.2.5\cucumber-core-1.2.5.jar;C:\Users\91917\.m2\repository\info\cukes\cucumber-html\0.2.3\cucumber-html-0.2.3.jar;C:\Users\91917\.m2\repository\info\cukes\cucumber-jvm-deps\1.0.5\cucumber-jvm-deps-1.0.5.jar;C:\Users\91917\.m2\repository\info\cukes\gherkin\2.12.2\gherkin-2.12.2.jar;C:\Users\91917\.m2\repository\com\vimalselvam\cucumber-extentsreport\3.0.2\cucumber-extentsreport-3.0.2.jar;C:\Users\91917\.m2\repository\com\aventstack\extentreports\3.1.2\extentreports-3.1.2.jar;C:\Users\91917\.m2\repository\org\freemarker\freemarker\2.3.23\freemarker-2.3.23.jar;C:\Users\91917\.m2\repository\org\mongodb\mongodb-driver\3.3.0\mongodb-driver-3.3.0.jar;C:\Users\91917\.m2\repository\org\mongodb\bson\3.3.0\bson-3.3.0.jar;C:\Users\91917\.m2\repository\org\mongodb\mongodb-driver-core\3.3.0\mongodb-driver-core-3.3.0.jar;C:\Users\91917\.m2\repository\org\apache\httpcomponents\httpclient\4.5.2\httpclient-4.5.2.jar;C:\Users\91917\.m2\repository\org\apache\httpcomponents\httpcore\4.4.4\httpcore-4.4.4.jar;C:\Users\91917\.m2\repository\commons-logging\commons-logging\1.2\commons-logging-1.2.jar;C:\Users\91917\.m2\repository\commons-codec\commons-codec\1.9\commons-codec-1.9.jar;C:\Users\91917\.m2\repository\org\apache\httpcomponents\httpmime\4.5.2\httpmime-4.5.2.jar;C:\Users\91917\.m2\repository\org\jsoup\jsoup\1.9.2\jsoup-1.9.2.jar;C:\Users\91917\.m2\repository\com\google\code\gson\gson\2.8.0\gson-2.8.0.jar;"/>
    <property name="java.vm.vendor" value="Oracle Corporation"/>
    <property name="sun.arch.data.model" value="64"/>
    <property name="user.variant" value=""/>
    <property name="java.vendor.url" value="http://java.oracle.com/"/>
    <property name="user.timezone" value="Asia/Calcutta"/>
    <property name="java.vm.specification.version" value="1.8"/>
    <property name="os.name" value="Windows 10"/>
    <property name="user.country" value="IN"/>
    <property name="sun.java.launcher" value="SUN_STANDARD"/>
    <property name="sun.boot.library.path" value="C:\Program Files\Java\jdk1.8.0_181\jre\bin"/>
    <property name="sun.java.command" value="C:\Users\91917\AppData\Local\Temp\surefire3345340274639939374\surefirebooter2191718366578959827.jar C:\Users\91917\AppData\Local\Temp\surefire3345340274639939374 2020-09-24T07-36-21_229-jvmRun1 surefire8125807753928081874tmp surefire_03452539667090005033tmp"/>
    <property name="surefire.test.class.path" value="C:\Workspace\eclipse-workspace_Demo\AdactinCucumber\target\test-classes;C:\Workspace\eclipse-workspace_Demo\AdactinCucumber\target\classes;C:\Users\91917\.m2\repository\junit\junit\4.12\junit-4.12.jar;C:\Users\91917\.m2\repository\org\hamcrest\hamcrest-core\1.3\hamcrest-core-1.3.jar;C:\Users\91917\.m2\repository\org\seleniumhq\selenium\selenium-java\3.141.59\selenium-java-3.141.59.jar;C:\Users\91917\.m2\repository\org\seleniumhq\selenium\selenium-api\3.141.59\selenium-api-3.141.59.jar;C:\Users\91917\.m2\repository\org\seleniumhq\selenium\selenium-chrome-driver\3.141.59\selenium-chrome-driver-3.141.59.jar;C:\Users\91917\.m2\repository\org\seleniumhq\selenium\selenium-edge-driver\3.141.59\selenium-edge-driver-3.141.59.jar;C:\Users\91917\.m2\repository\org\seleniumhq\selenium\selenium-firefox-driver\3.141.59\selenium-firefox-driver-3.141.59.jar;C:\Users\91917\.m2\repository\org\seleniumhq\selenium\selenium-ie-driver\3.141.59\selenium-ie-driver-3.141.59.jar;C:\Users\91917\.m2\repository\org\seleniumhq\selenium\selenium-opera-driver\3.141.59\selenium-opera-driver-3.141.59.jar;C:\Users\91917\.m2\repository\org\seleniumhq\selenium\selenium-remote-driver\3.141.59\selenium-remote-driver-3.141.59.jar;C:\Users\91917\.m2\repository\org\seleniumhq\selenium\selenium-safari-driver\3.141.59\selenium-safari-driver-3.141.59.jar;C:\Users\91917\.m2\repository\org\seleniumhq\selenium\selenium-support\3.141.59\selenium-support-3.141.59.jar;C:\Users\91917\.m2\repository\net\bytebuddy\byte-buddy\1.8.15\byte-buddy-1.8.15.jar;C:\Users\91917\.m2\repository\org\apache\commons\commons-exec\1.3\commons-exec-1.3.jar;C:\Users\91917\.m2\repository\com\google\guava\guava\25.0-jre\guava-25.0-jre.jar;C:\Users\91917\.m2\repository\com\google\code\findbugs\jsr305\1.3.9\jsr305-1.3.9.jar;C:\Users\91917\.m2\repository\org\checkerframework\checker-compat-qual\2.0.0\checker-compat-qual-2.0.0.jar;C:\Users\91917\.m2\repository\com\google\errorprone\error_prone_annotations\2.1.3\error_prone_annotations-2.1.3.jar;C:\Users\91917\.m2\repository\com\google\j2objc\j2objc-annotations\1.1\j2objc-annotations-1.1.jar;C:\Users\91917\.m2\repository\org\codehaus\mojo\animal-sniffer-annotations\1.14\animal-sniffer-annotations-1.14.jar;C:\Users\91917\.m2\repository\com\squareup\okhttp3\okhttp\3.11.0\okhttp-3.11.0.jar;C:\Users\91917\.m2\repository\com\squareup\okio\okio\1.14.0\okio-1.14.0.jar;C:\Users\91917\.m2\repository\commons-io\commons-io\2.7\commons-io-2.7.jar;C:\Users\91917\.m2\repository\info\cukes\cucumber-junit\1.2.5\cucumber-junit-1.2.5.jar;C:\Users\91917\.m2\repository\info\cukes\cucumber-java\1.2.5\cucumber-java-1.2.5.jar;C:\Users\91917\.m2\repository\info\cukes\cucumber-core\1.2.5\cucumber-core-1.2.5.jar;C:\Users\91917\.m2\repository\info\cukes\cucumber-html\0.2.3\cucumber-html-0.2.3.jar;C:\Users\91917\.m2\repository\info\cukes\cucumber-jvm-deps\1.0.5\cucumber-jvm-deps-1.0.5.jar;C:\Users\91917\.m2\repository\info\cukes\gherkin\2.12.2\gherkin-2.12.2.jar;C:\Users\91917\.m2\repository\com\vimalselvam\cucumber-extentsreport\3.0.2\cucumber-extentsreport-3.0.2.jar;C:\Users\91917\.m2\repository\com\aventstack\extentreports\3.1.2\extentreports-3.1.2.jar;C:\Users\91917\.m2\repository\org\freemarker\freemarker\2.3.23\freemarker-2.3.23.jar;C:\Users\91917\.m2\repository\org\mongodb\mongodb-driver\3.3.0\mongodb-driver-3.3.0.jar;C:\Users\91917\.m2\repository\org\mongodb\bson\3.3.0\bson-3.3.0.jar;C:\Users\91917\.m2\repository\org\mongodb\mongodb-driver-core\3.3.0\mongodb-driver-core-3.3.0.jar;C:\Users\91917\.m2\repository\org\apache\httpcomponents\httpclient\4.5.2\httpclient-4.5.2.jar;C:\Users\91917\.m2\repository\org\apache\httpcomponents\httpcore\4.4.4\httpcore-4.4.4.jar;C:\Users\91917\.m2\repository\commons-logging\commons-logging\1.2\commons-logging-1.2.jar;C:\Users\91917\.m2\repository\commons-codec\commons-codec\1.9\commons-codec-1.9.jar;C:\Users\91917\.m2\repository\org\apache\httpcomponents\httpmime\4.5.2\httpmime-4.5.2.jar;C:\Users\91917\.m2\repository\org\jsoup\jsoup\1.9.2\jsoup-1.9.2.jar;C:\Users\91917\.m2\repository\com\google\code\gson\gson\2.8.0\gson-2.8.0.jar;"/>
    <property name="sun.cpu.endian" value="little"/>
    <property name="user.home" value="C:\Users\91917"/>
    <property name="user.language" value="en"/>
    <property name="java.specification.vendor" value="Oracle Corporation"/>
    <property name="java.home" value="C:\Program Files\Java\jdk1.8.0_181\jre"/>
    <property name="basedir" value="C:\Workspace\eclipse-workspace_Demo\AdactinCucumber"/>
    <property name="file.separator" value="\"/>
    <property name="line.separator" value="&#10;"/>
    <property name="java.vm.specification.vendor" value="Oracle Corporation"/>
    <property name="java.specification.name" value="Java Platform API Specification"/>
    <property name="java.awt.graphicsenv" value="sun.awt.Win32GraphicsEnvironment"/>
    <property name="surefire.real.class.path" value="C:\Users\91917\AppData\Local\Temp\surefire3345340274639939374\surefirebooter2191718366578959827.jar"/>
    <property name="sun.boot.class.path" value="C:\Program Files\Java\jdk1.8.0_181\jre\lib\resources.jar;C:\Program Files\Java\jdk1.8.0_181\jre\lib\rt.jar;C:\Program Files\Java\jdk1.8.0_181\jre\lib\sunrsasign.jar;C:\Program Files\Java\jdk1.8.0_181\jre\lib\jsse.jar;C:\Program Files\Java\jdk1.8.0_181\jre\lib\jce.jar;C:\Program Files\Java\jdk1.8.0_181\jre\lib\charsets.jar;C:\Program Files\Java\jdk1.8.0_181\jre\lib\jfr.jar;C:\Program Files\Java\jdk1.8.0_181\jre\classes"/>
    <property name="user.script" value=""/>
    <property name="sun.management.compiler" value="HotSpot 64-Bit Tiered Compilers"/>
    <property name="java.runtime.version" value="1.8.0_181-b13"/>
    <property name="user.name" value="91917"/>
    <property name="path.separator" value=";"/>
    <property name="os.version" value="10.0"/>
    <property name="java.endorsed.dirs" value="C:\Program Files\Java\jdk1.8.0_181\jre\lib\endorsed"/>
    <property name="java.runtime.name" value="Java(TM) SE Runtime Environment"/>
    <property name="file.encoding" value="Cp1252"/>
    <property name="java.vm.name" value="Java HotSpot(TM) 64-Bit Server VM"/>
    <property name="localRepository" value="C:\Users\91917\.m2\repository"/>
    <property name="java.vendor.url.bug" value="http://bugreport.sun.com/bugreport/"/>
    <property name="java.io.tmpdir" value="C:\Users\91917\AppData\Local\Temp\"/>
    <property name="java.version" value="1.8.0_181"/>
    <property name="user.dir" value="C:\Workspace\eclipse-workspace_Demo\AdactinCucumber"/>
    <property name="os.arch" value="amd64"/>
    <property name="java.vm.specification.name" value="Java Virtual Machine Specification"/>
    <property name="java.awt.printerjob" value="sun.awt.windows.WPrinterJob"/>
    <property name="sun.os.patch.level" value=""/>
    <property name="java.library.path" value="C:\Program Files\Java\jdk1.8.0_181\jre\bin;C:\WINDOWS\Sun\Java\bin;C:\WINDOWS\system32;C:\WINDOWS;C:/Program Files/Java/jre1.8.0_181/bin/server;C:/Program Files/Java/jre1.8.0_181/bin;C:/Program Files/Java/jre1.8.0_181/lib/amd64;C:\Users\91917\Downloads\WINDOWS.X64_193000_db_home\bin;C:\Program Files (x86)\Common Files\Oracle\Java\javapath;C:\WINDOWS\system32;C:\WINDOWS;C:\WINDOWS\System32\Wbem;C:\WINDOWS\System32\WindowsPowerShell\v1.0\;C:\WINDOWS\System32\OpenSSH\;D:\Java\jre1.8.0_181;C:\Maven\bin;C:\Program Files\Git\cmd;C:\Users\91917\AppData\Local\Android\Sdk\platform-tools;C:\Users\91917\AppData\Local\Android\Sdk\tools;C:\Users\91917\AppData\Local\Android\Sdk\tools\bin;C:\Program Files\nodejs\;C:\Program Files\Microsoft SQL Server\Client SDK\ODBC\170\Tools\Binn\;C:\Program Files (x86)\Microsoft SQL Server\150\Tools\Binn\;C:\Program Files\Microsoft SQL Server\150\Tools\Binn\;C:\Program Files\Microsoft SQL Server\150\DTS\Binn\;C:\Program Files (x86)\Microsoft SQL Server\150\DTS\Binn\;C:\gradle-6.5.1\bin;C:\Users\91917\AppData\Local\Microsoft\WindowsApps;;C:\WINDOWS\System32;;."/>
    <property name="java.vm.info" value="mixed mode"/>
    <property name="java.vendor" value="Oracle Corporation"/>
    <property name="java.vm.version" value="25.181-b13"/>
    <property name="java.ext.dirs" value="C:\Program Files\Java\jdk1.8.0_181\jre\lib\ext;C:\WINDOWS\Sun\Java\lib\ext"/>
    <property name="sun.io.unicode.encoding" value="UnicodeLittle"/>
    <property name="java.class.version" value="52.0"/>
  </properties>
  <testcase name="Given User launch the adactin application" classname="| AAAA | 1111 |" time="0"/>
  <testcase name="When User log into the application" classname="| AAAA | 1111 |" time="0"/>
  <testcase name="Given User launches the application" classname="| AAAA | 1111 |" time="0"/>
  <testcase name="When User enters the valid &quot;AAAA&quot; in Username field" classname="| AAAA | 1111 |" time="0"/>
  <testcase name="And User enters the valid &quot;1111&quot; in password field" classname="| AAAA | 1111 |" time="0"/>
  <testcase name="And User clicks the Login Button" classname="| AAAA | 1111 |" time="0"/>
  <testcase name="Then User verify the Homepage navigates to the Search Hotel Page" classname="| AAAA | 1111 |" time="0"/>
  <testcase name="| AAAA | 1111 |" classname="| AAAA | 1111 |" time="0.002"/>
  <testcase name="Given User launch the adactin application" classname="| BBBB | 2222 |" time="0"/>
  <testcase name="When User log into the application" classname="| BBBB | 2222 |" time="0"/>
  <testcase name="Given User launches the application" classname="| BBBB | 2222 |" time="0"/>
  <testcase name="When User enters the valid &quot;BBBB&quot; in Username field" classname="| BBBB | 2222 |" time="0"/>
  <testcase name="And User enters the valid &quot;2222&quot; in password field" classname="| BBBB | 2222 |" time="0"/>
  <testcase name="And User clicks the Login Button" classname="| BBBB | 2222 |" time="0"/>
  <testcase name="Then User verify the Homepage navigates to the Search Hotel Page" classname="| BBBB | 2222 |" time="0"/>
  <testcase name="| BBBB | 2222 |" classname="| BBBB | 2222 |" time="0.004"/>
  <testcase name="Given User launch the adactin application" classname="| SreeDeviRaman | Sree@123 |" time="0"/>
  <testcase name="When User log into the application" classname="| SreeDeviRaman | Sree@123 |" time="0"/>
  <testcase name="Given User launches the application" classname="| SreeDeviRaman | Sree@123 |" time="0"/>
  <testcase name="When User enters the valid &quot;SreeDeviRaman&quot; in Username field" classname="| SreeDeviRaman | Sree@123 |" time="0"/>
  <testcase name="And User enters the valid &quot;Sree@123&quot; in password field" classname="| SreeDeviRaman | Sree@123 |" time="0"/>
  <testcase name="And User clicks the Login Button" classname="| SreeDeviRaman | Sree@123 |" time="0"/>
  <testcase name="Then User verify the Homepage navigates to the Search Hotel Page" classname="| SreeDeviRaman | Sree@123 |" time="0.004"/>
  <testcase name="| SreeDeviRaman | Sree@123 |" classname="| SreeDeviRaman | Sree@123 |" time="0.004"/>
  <testcase name="Given User launch the adactin application" classname="Scenario: Verify user is in SearchHotel page" time="0"/>
  <testcase name="When User log into the application" classname="Scenario: Verify user is in SearchHotel page" time="0"/>
  <testcase name="When User selects the location &quot;Sydney&quot; as &quot;value&quot; in the Select location field" classname="Scenario: Verify user is in SearchHotel page" time="0"/>
  <testcase name="And User selects the Hotel &quot;Hotel Creek&quot; as &quot;visibletext&quot; in Select Hotel field" classname="Scenario: Verify user is in SearchHotel page" time="0"/>
  <testcase name="And User selects the room type in Select Room type field" classname="Scenario: Verify user is in SearchHotel page" time="0"/>
  <testcase name="And User selects the number of rooms" classname="Scenario: Verify user is in SearchHotel page" time="0"/>
  <testcase name="And User selects the check in date" classname="Scenario: Verify user is in SearchHotel page" time="0"/>
  <testcase name="And User selects the check out date" classname="Scenario: Verify user is in SearchHotel page" time="0"/>
  <testcase name="And User selects the adults per Room" classname="Scenario: Verify user is in SearchHotel page" time="0"/>
  <testcase name="And User selects the children per Room" classname="Scenario: Verify user is in SearchHotel page" time="0"/>
  <testcase name="And User clicks on search button to search for the details" classname="Scenario: Verify user is in SearchHotel page" time="0"/>
  <testcase name="Then User verify the Search Hotel Page navigates to Select hotel page" classname="Scenario: Verify user is in SearchHotel page" time="0"/>
  <testcase name="Scenario: Verify user is in SearchHotel page" classname="Scenario: Verify user is in SearchHotel page" time="0"/>
  <testcase name="Given User launch the adactin application" classname="Scenario: Verify user is in Select Hotel page" time="0"/>
  <testcase name="When User log into the application" classname="Scenario: Verify user is in Select Hotel page" time="0"/>
  <testcase name="When User clicks on the selected radion button" classname="Scenario: Verify user is in Select Hotel page" time="0"/>
  <testcase name="And User clicks on the continue button" classname="Scenario: Verify user is in Select Hotel page" time="0"/>
  <testcase name="Then User verify the Select Hotel page navigates to Book a Hotel page" classname="Scenario: Verify user is in Select Hotel page" time="0"/>
  <testcase name="Scenario: Verify user is in Select Hotel page" classname="Scenario: Verify user is in Select Hotel page" time="0"/>
  <testcase name="Given User launch the adactin application" classname="Scenario: Verify user is in Book a Hotel page" time="0"/>
  <testcase name="When User log into the application" classname="Scenario: Verify user is in Book a Hotel page" time="0"/>
  <testcase name="When User enters the  first name in FirstName field" classname="Scenario: Verify user is in Book a Hotel page" time="0"/>
  <testcase name="When User enters the  last name in LastName field" classname="Scenario: Verify user is in Book a Hotel page" time="0"/>
  <testcase name="When User enters the  billing Address in Billing Address field" classname="Scenario: Verify user is in Book a Hotel page" time="0"/>
  <testcase name="When User enters the  Credit Card Number in Credit Card Number field" classname="Scenario: Verify user is in Book a Hotel page" time="0"/>
  <testcase name="When User enters the  credit card type in Credit Card Type field" classname="Scenario: Verify user is in Book a Hotel page" time="0"/>
  <testcase name="When User enters expiry month in Expiry Month field" classname="Scenario: Verify user is in Book a Hotel page" time="0"/>
  <testcase name="When User enters expiry year in Expiry Year field" classname="Scenario: Verify user is in Book a Hotel page" time="0"/>
  <testcase name="When User enters the cvv number in CVV field" classname="Scenario: Verify user is in Book a Hotel page" time="0"/>
  <testcase name="When User clicks on the BookNow Button" classname="Scenario: Verify user is in Book a Hotel page" time="0"/>
  <testcase name="Then User verify the Book a Hotel navigates to Booking Confirmation page" classname="Scenario: Verify user is in Book a Hotel page" time="0"/>
  <testcase name="Scenario: Verify user is in Book a Hotel page" classname="Scenario: Verify user is in Book a Hotel page" time="0.002"/>
  <testcase name="Given User launch the adactin application" classname="Scenario: Verify user is in Booking ConfirmationPage" time="0"/>
  <testcase name="When User log into the application" classname="Scenario: Verify user is in Booking ConfirmationPage" time="0"/>
  <testcase name="When user clicks on book itinerary button" classname="Scenario: Verify user is in Booking ConfirmationPage" time="0"/>
  <testcase name="And User clicks on log out button to exit the page" classname="Scenario: Verify user is in Booking ConfirmationPage" time="0"/>
  <testcase name="Then User verify Book Itinerary page navigates to successfully logged out page" classname="Scenario: Verify user is in Booking ConfirmationPage" time="0"/>
  <testcase name="Scenario: Verify user is in Booking ConfirmationPage" classname="Scenario: Verify user is in Booking ConfirmationPage" time="0"/>
</testsuite>